{"C:\\Users\\SadrtdinovAI\\Desktop\\testing-homework-master\\src\\client\\Application.tsx": {"path":"C:\\Users\\SadrtdinovAI\\Desktop\\testing-homework-master\\src\\client\\Application.tsx","statementMap":{"0":{"start":{"line":16,"column":12},"end":{"line":16,"column":29}},"1":{"start":{"line":18,"column":31},"end":{"line":64,"column":1}},"2":{"start":{"line":19,"column":38},"end":{"line":19,"column":52}},"3":{"start":{"line":20,"column":17},"end":{"line":20,"column":61}},"4":{"start":{"line":20,"column":54},"end":{"line":20,"column":60}},"5":{"start":{"line":22,"column":19},"end":{"line":22,"column":89}},"6":{"start":{"line":22,"column":37},"end":{"line":22,"column":61}},"7":{"start":{"line":23,"column":17},"end":{"line":29,"column":22}},"8":{"start":{"line":24,"column":8},"end":{"line":28,"column":9}},"9":{"start":{"line":25,"column":12},"end":{"line":25,"column":32}},"10":{"start":{"line":27,"column":12},"end":{"line":27,"column":31}},"11":{"start":{"line":31,"column":18},"end":{"line":31,"column":42}},"12":{"start":{"line":32,"column":22},"end":{"line":32,"column":56}},"13":{"start":{"line":33,"column":24},"end":{"line":33,"column":82}},"14":{"start":{"line":35,"column":4},"end":{"line":63,"column":11}}},"fnMap":{"0":{"name":"(anonymous_0)","decl":{"start":{"line":18,"column":31},"end":{"line":18,"column":32}},"loc":{"start":{"line":18,"column":37},"end":{"line":64,"column":1}},"line":18},"1":{"name":"(anonymous_1)","decl":{"start":{"line":20,"column":29},"end":{"line":20,"column":30}},"loc":{"start":{"line":20,"column":54},"end":{"line":20,"column":60}},"line":20},"2":{"name":"(anonymous_2)","decl":{"start":{"line":22,"column":31},"end":{"line":22,"column":32}},"loc":{"start":{"line":22,"column":37},"end":{"line":22,"column":61}},"line":22},"3":{"name":"(anonymous_3)","decl":{"start":{"line":23,"column":29},"end":{"line":23,"column":30}},"loc":{"start":{"line":23,"column":35},"end":{"line":29,"column":5}},"line":23}},"branchMap":{"0":{"loc":{"start":{"line":24,"column":8},"end":{"line":28,"column":9}},"type":"if","locations":[{"start":{"line":24,"column":8},"end":{"line":28,"column":9}},{"start":{"line":26,"column":15},"end":{"line":28,"column":9}}],"line":24},"1":{"loc":{"start":{"line":32,"column":22},"end":{"line":32,"column":56}},"type":"cond-expr","locations":[{"start":{"line":32,"column":30},"end":{"line":32,"column":47}},{"start":{"line":32,"column":50},"end":{"line":32,"column":56}}],"line":32},"2":{"loc":{"start":{"line":33,"column":24},"end":{"line":33,"column":82}},"type":"cond-expr","locations":[{"start":{"line":33,"column":36},"end":{"line":33,"column":62}},{"start":{"line":33,"column":65},"end":{"line":33,"column":82}}],"line":33}},"s":{"0":1,"1":1,"2":1,"3":1,"4":1,"5":1,"6":0,"7":1,"8":0,"9":0,"10":0,"11":1,"12":1,"13":1,"14":1},"f":{"0":1,"1":1,"2":0,"3":0},"b":{"0":[0,0],"1":[0,1],"2":[1,0]},"_coverageSchema":"1a1c01bbd47fc00a2c39e90264f33305004495a9","hash":"dc682b46de4e34a43003841db4c41ba4326ecbe8"}
,"C:\\Users\\SadrtdinovAI\\Desktop\\testing-homework-master\\src\\client\\api.ts": {"path":"C:\\Users\\SadrtdinovAI\\Desktop\\testing-homework-master\\src\\client\\api.ts","statementMap":{"0":{"start":{"line":10,"column":8},"end":{"line":10,"column":84}},"1":{"start":{"line":14,"column":8},"end":{"line":14,"column":79}},"2":{"start":{"line":18,"column":8},"end":{"line":18,"column":99}},"3":{"start":{"line":22,"column":38},"end":{"line":22,"column":58}},"4":{"start":{"line":26,"column":8},"end":{"line":31,"column":9}},"5":{"start":{"line":27,"column":25},"end":{"line":27,"column":69}},"6":{"start":{"line":28,"column":12},"end":{"line":28,"column":55}},"7":{"start":{"line":30,"column":12},"end":{"line":30,"column":22}},"8":{"start":{"line":35,"column":8},"end":{"line":35,"column":75}}},"fnMap":{"0":{"name":"(anonymous_0)","decl":{"start":{"line":5,"column":4},"end":{"line":5,"column":5}},"loc":{"start":{"line":5,"column":51},"end":{"line":7,"column":5}},"line":5},"1":{"name":"(anonymous_1)","decl":{"start":{"line":9,"column":4},"end":{"line":9,"column":5}},"loc":{"start":{"line":9,"column":24},"end":{"line":11,"column":5}},"line":9},"2":{"name":"(anonymous_2)","decl":{"start":{"line":13,"column":4},"end":{"line":13,"column":5}},"loc":{"start":{"line":13,"column":37},"end":{"line":15,"column":5}},"line":13},"3":{"name":"(anonymous_3)","decl":{"start":{"line":17,"column":4},"end":{"line":17,"column":5}},"loc":{"start":{"line":17,"column":60},"end":{"line":19,"column":5}},"line":17},"4":{"name":"(anonymous_4)","decl":{"start":{"line":25,"column":4},"end":{"line":25,"column":5}},"loc":{"start":{"line":25,"column":26},"end":{"line":32,"column":5}},"line":25},"5":{"name":"(anonymous_5)","decl":{"start":{"line":34,"column":4},"end":{"line":34,"column":5}},"loc":{"start":{"line":34,"column":30},"end":{"line":36,"column":5}},"line":34}},"branchMap":{"0":{"loc":{"start":{"line":28,"column":19},"end":{"line":28,"column":54}},"type":"binary-expr","locations":[{"start":{"line":28,"column":19},"end":{"line":28,"column":48}},{"start":{"line":28,"column":52},"end":{"line":28,"column":54}}],"line":28}},"s":{"0":0,"1":0,"2":0,"3":1,"4":1,"5":1,"6":1,"7":0,"8":0},"f":{"0":1,"1":0,"2":0,"3":0,"4":1,"5":0},"b":{"0":[1,1]},"_coverageSchema":"1a1c01bbd47fc00a2c39e90264f33305004495a9","hash":"8b4ac9088839af30cfa23e0d33f221f3be52d960"}
,"C:\\Users\\SadrtdinovAI\\Desktop\\testing-homework-master\\src\\client\\store.ts": {"path":"C:\\Users\\SadrtdinovAI\\Desktop\\testing-homework-master\\src\\client\\store.ts","statementMap":{"0":{"start":{"line":22,"column":40},"end":{"line":22,"column":65}},"1":{"start":{"line":25,"column":28},"end":{"line":25,"column":70}},"2":{"start":{"line":25,"column":35},"end":{"line":25,"column":69}},"3":{"start":{"line":26,"column":30},"end":{"line":26,"column":112}},"4":{"start":{"line":26,"column":65},"end":{"line":26,"column":111}},"5":{"start":{"line":27,"column":34},"end":{"line":27,"column":97}},"6":{"start":{"line":27,"column":51},"end":{"line":27,"column":96}},"7":{"start":{"line":28,"column":36},"end":{"line":28,"column":112}},"8":{"start":{"line":28,"column":59},"end":{"line":28,"column":111}},"9":{"start":{"line":29,"column":25},"end":{"line":29,"column":90}},"10":{"start":{"line":29,"column":48},"end":{"line":29,"column":89}},"11":{"start":{"line":30,"column":25},"end":{"line":30,"column":64}},"12":{"start":{"line":30,"column":32},"end":{"line":30,"column":63}},"13":{"start":{"line":31,"column":24},"end":{"line":31,"column":112}},"14":{"start":{"line":31,"column":70},"end":{"line":31,"column":111}},"15":{"start":{"line":32,"column":32},"end":{"line":32,"column":102}},"16":{"start":{"line":32,"column":54},"end":{"line":32,"column":101}},"17":{"start":{"line":47,"column":25},"end":{"line":47,"column":55}},"18":{"start":{"line":49,"column":15},"end":{"line":83,"column":6}},"19":{"start":{"line":49,"column":93},"end":{"line":83,"column":6}},"20":{"start":{"line":50,"column":8},"end":{"line":82,"column":9}},"21":{"start":{"line":52,"column":16},"end":{"line":52,"column":43}},"22":{"start":{"line":53,"column":16},"end":{"line":53,"column":22}},"23":{"start":{"line":55,"column":16},"end":{"line":55,"column":49}},"24":{"start":{"line":56,"column":16},"end":{"line":56,"column":22}},"25":{"start":{"line":58,"column":16},"end":{"line":58,"column":66}},"26":{"start":{"line":59,"column":16},"end":{"line":59,"column":22}},"27":{"start":{"line":62,"column":44},"end":{"line":62,"column":58}},"28":{"start":{"line":64,"column":16},"end":{"line":70,"column":17}},"29":{"start":{"line":65,"column":20},"end":{"line":67,"column":21}},"30":{"start":{"line":66,"column":24},"end":{"line":66,"column":67}},"31":{"start":{"line":69,"column":20},"end":{"line":69,"column":43}},"32":{"start":{"line":72,"column":16},"end":{"line":72,"column":48}},"33":{"start":{"line":73,"column":16},"end":{"line":73,"column":21}},"34":{"start":{"line":75,"column":16},"end":{"line":75,"column":32}},"35":{"start":{"line":76,"column":16},"end":{"line":76,"column":48}},"36":{"start":{"line":77,"column":16},"end":{"line":77,"column":22}},"37":{"start":{"line":79,"column":16},"end":{"line":79,"column":53}},"38":{"start":{"line":80,"column":16},"end":{"line":80,"column":32}},"39":{"start":{"line":81,"column":16},"end":{"line":81,"column":22}},"40":{"start":{"line":85,"column":4},"end":{"line":85,"column":14}},"41":{"start":{"line":91,"column":38},"end":{"line":98,"column":1}},"42":{"start":{"line":91,"column":68},"end":{"line":98,"column":1}},"43":{"start":{"line":94,"column":8},"end":{"line":96,"column":10}},"44":{"start":{"line":95,"column":28},"end":{"line":95,"column":57}},"45":{"start":{"line":100,"column":44},"end":{"line":107,"column":1}},"46":{"start":{"line":100,"column":74},"end":{"line":107,"column":1}},"47":{"start":{"line":103,"column":8},"end":{"line":105,"column":10}},"48":{"start":{"line":104,"column":28},"end":{"line":104,"column":63}},"49":{"start":{"line":109,"column":38},"end":{"line":117,"column":1}},"50":{"start":{"line":109,"column":69},"end":{"line":117,"column":1}},"51":{"start":{"line":112,"column":8},"end":{"line":114,"column":9}},"52":{"start":{"line":113,"column":12},"end":{"line":113,"column":44}},"53":{"start":{"line":119,"column":34},"end":{"line":130,"column":1}},"54":{"start":{"line":119,"column":64},"end":{"line":130,"column":1}},"55":{"start":{"line":122,"column":8},"end":{"line":124,"column":9}},"56":{"start":{"line":123,"column":12},"end":{"line":123,"column":25}},"57":{"start":{"line":126,"column":8},"end":{"line":128,"column":10}},"58":{"start":{"line":127,"column":23},"end":{"line":127,"column":52}},"59":{"start":{"line":132,"column":24},"end":{"line":137,"column":1}},"60":{"start":{"line":140,"column":24},"end":{"line":142,"column":6}},"61":{"start":{"line":144,"column":27},"end":{"line":146,"column":6}},"62":{"start":{"line":148,"column":18},"end":{"line":148,"column":75}},"63":{"start":{"line":150,"column":4},"end":{"line":150,"column":33}},"64":{"start":{"line":152,"column":4},"end":{"line":152,"column":17}}},"fnMap":{"0":{"name":"(anonymous_0)","decl":{"start":{"line":25,"column":28},"end":{"line":25,"column":29}},"loc":{"start":{"line":25,"column":35},"end":{"line":25,"column":69}},"line":25},"1":{"name":"(anonymous_1)","decl":{"start":{"line":26,"column":30},"end":{"line":26,"column":31}},"loc":{"start":{"line":26,"column":65},"end":{"line":26,"column":111}},"line":26},"2":{"name":"(anonymous_2)","decl":{"start":{"line":27,"column":34},"end":{"line":27,"column":35}},"loc":{"start":{"line":27,"column":51},"end":{"line":27,"column":96}},"line":27},"3":{"name":"(anonymous_3)","decl":{"start":{"line":28,"column":36},"end":{"line":28,"column":37}},"loc":{"start":{"line":28,"column":59},"end":{"line":28,"column":111}},"line":28},"4":{"name":"(anonymous_4)","decl":{"start":{"line":29,"column":25},"end":{"line":29,"column":26}},"loc":{"start":{"line":29,"column":48},"end":{"line":29,"column":89}},"line":29},"5":{"name":"(anonymous_5)","decl":{"start":{"line":30,"column":25},"end":{"line":30,"column":26}},"loc":{"start":{"line":30,"column":32},"end":{"line":30,"column":63}},"line":30},"6":{"name":"(anonymous_6)","decl":{"start":{"line":31,"column":24},"end":{"line":31,"column":25}},"loc":{"start":{"line":31,"column":70},"end":{"line":31,"column":111}},"line":31},"7":{"name":"(anonymous_7)","decl":{"start":{"line":32,"column":32},"end":{"line":32,"column":33}},"loc":{"start":{"line":32,"column":54},"end":{"line":32,"column":101}},"line":32},"8":{"name":"createRootReducer","decl":{"start":{"line":46,"column":9},"end":{"line":46,"column":26}},"loc":{"start":{"line":46,"column":61},"end":{"line":86,"column":1}},"line":46},"9":{"name":"(anonymous_9)","decl":{"start":{"line":49,"column":15},"end":{"line":49,"column":16}},"loc":{"start":{"line":49,"column":93},"end":{"line":83,"column":6}},"line":49},"10":{"name":"(anonymous_10)","decl":{"start":{"line":49,"column":108},"end":{"line":49,"column":109}},"loc":{"start":{"line":49,"column":117},"end":{"line":83,"column":5}},"line":49},"11":{"name":"(anonymous_11)","decl":{"start":{"line":91,"column":38},"end":{"line":91,"column":39}},"loc":{"start":{"line":91,"column":68},"end":{"line":98,"column":1}},"line":91},"12":{"name":"(anonymous_12)","decl":{"start":{"line":93,"column":13},"end":{"line":93,"column":14}},"loc":{"start":{"line":93,"column":53},"end":{"line":97,"column":5}},"line":93},"13":{"name":"(anonymous_13)","decl":{"start":{"line":95,"column":16},"end":{"line":95,"column":17}},"loc":{"start":{"line":95,"column":28},"end":{"line":95,"column":57}},"line":95},"14":{"name":"(anonymous_14)","decl":{"start":{"line":100,"column":44},"end":{"line":100,"column":45}},"loc":{"start":{"line":100,"column":74},"end":{"line":107,"column":1}},"line":100},"15":{"name":"(anonymous_15)","decl":{"start":{"line":102,"column":13},"end":{"line":102,"column":14}},"loc":{"start":{"line":102,"column":59},"end":{"line":106,"column":5}},"line":102},"16":{"name":"(anonymous_16)","decl":{"start":{"line":104,"column":16},"end":{"line":104,"column":17}},"loc":{"start":{"line":104,"column":28},"end":{"line":104,"column":63}},"line":104},"17":{"name":"(anonymous_17)","decl":{"start":{"line":109,"column":38},"end":{"line":109,"column":39}},"loc":{"start":{"line":109,"column":69},"end":{"line":117,"column":1}},"line":109},"18":{"name":"(anonymous_18)","decl":{"start":{"line":111,"column":8},"end":{"line":111,"column":9}},"loc":{"start":{"line":111,"column":14},"end":{"line":115,"column":5}},"line":111},"19":{"name":"(anonymous_19)","decl":{"start":{"line":119,"column":34},"end":{"line":119,"column":35}},"loc":{"start":{"line":119,"column":64},"end":{"line":130,"column":1}},"line":119},"20":{"name":"(anonymous_20)","decl":{"start":{"line":121,"column":13},"end":{"line":121,"column":14}},"loc":{"start":{"line":121,"column":62},"end":{"line":129,"column":5}},"line":121},"21":{"name":"(anonymous_21)","decl":{"start":{"line":127,"column":16},"end":{"line":127,"column":17}},"loc":{"start":{"line":127,"column":23},"end":{"line":127,"column":52}},"line":127},"22":{"name":"initStore","decl":{"start":{"line":139,"column":16},"end":{"line":139,"column":25}},"loc":{"start":{"line":139,"column":58},"end":{"line":153,"column":1}},"line":139}},"branchMap":{"0":{"loc":{"start":{"line":49,"column":16},"end":{"line":49,"column":54}},"type":"default-arg","locations":[{"start":{"line":49,"column":42},"end":{"line":49,"column":54}}],"line":49},"1":{"loc":{"start":{"line":50,"column":8},"end":{"line":82,"column":9}},"type":"switch","locations":[{"start":{"line":51,"column":12},"end":{"line":53,"column":22}},{"start":{"line":54,"column":12},"end":{"line":56,"column":22}},{"start":{"line":57,"column":12},"end":{"line":60,"column":13}},{"start":{"line":61,"column":12},"end":{"line":73,"column":21}},{"start":{"line":74,"column":12},"end":{"line":77,"column":22}},{"start":{"line":78,"column":12},"end":{"line":81,"column":22}}],"line":50},"2":{"loc":{"start":{"line":64,"column":16},"end":{"line":70,"column":17}},"type":"if","locations":[{"start":{"line":64,"column":16},"end":{"line":70,"column":17}},{"start":{},"end":{}}],"line":64},"3":{"loc":{"start":{"line":65,"column":20},"end":{"line":67,"column":21}},"type":"if","locations":[{"start":{"line":65,"column":20},"end":{"line":67,"column":21}},{"start":{},"end":{}}],"line":65},"4":{"loc":{"start":{"line":112,"column":8},"end":{"line":114,"column":9}},"type":"if","locations":[{"start":{"line":112,"column":8},"end":{"line":114,"column":9}},{"start":{},"end":{}}],"line":112},"5":{"loc":{"start":{"line":122,"column":8},"end":{"line":124,"column":9}},"type":"if","locations":[{"start":{"line":122,"column":8},"end":{"line":124,"column":9}},{"start":{},"end":{}}],"line":122}},"s":{"0":1,"1":1,"2":0,"3":1,"4":0,"5":1,"6":0,"7":1,"8":0,"9":1,"10":0,"11":1,"12":0,"13":1,"14":0,"15":1,"16":0,"17":1,"18":1,"19":1,"20":1,"21":0,"22":0,"23":0,"24":0,"25":0,"26":0,"27":0,"28":0,"29":0,"30":0,"31":0,"32":0,"33":0,"34":0,"35":0,"36":0,"37":0,"38":0,"39":0,"40":1,"41":1,"42":1,"43":0,"44":0,"45":1,"46":1,"47":0,"48":0,"49":1,"50":1,"51":0,"52":0,"53":1,"54":1,"55":0,"56":0,"57":0,"58":0,"59":1,"60":1,"61":1,"62":1,"63":1,"64":1},"f":{"0":0,"1":0,"2":0,"3":0,"4":0,"5":0,"6":0,"7":0,"8":1,"9":1,"10":1,"11":1,"12":0,"13":0,"14":1,"15":0,"16":0,"17":1,"18":0,"19":1,"20":0,"21":0,"22":1},"b":{"0":[1],"1":[0,0,0,0,0,0],"2":[0,0],"3":[0,0],"4":[0,0],"5":[0,0]},"_coverageSchema":"1a1c01bbd47fc00a2c39e90264f33305004495a9","hash":"3985fdd48fe7a96a0c85a4a33ee0961db6589627"}
,"C:\\Users\\SadrtdinovAI\\Desktop\\testing-homework-master\\src\\client\\components\\CartBadge.tsx": {"path":"C:\\Users\\SadrtdinovAI\\Desktop\\testing-homework-master\\src\\client\\components\\CartBadge.tsx","statementMap":{"0":{"start":{"line":10,"column":12},"end":{"line":10,"column":27}},"1":{"start":{"line":12,"column":51},"end":{"line":16,"column":1}},"2":{"start":{"line":13,"column":17},"end":{"line":13,"column":61}},"3":{"start":{"line":13,"column":54},"end":{"line":13,"column":60}},"4":{"start":{"line":15,"column":4},"end":{"line":15,"column":103}}},"fnMap":{"0":{"name":"(anonymous_0)","decl":{"start":{"line":12,"column":51},"end":{"line":12,"column":52}},"loc":{"start":{"line":12,"column":63},"end":{"line":16,"column":1}},"line":12},"1":{"name":"(anonymous_1)","decl":{"start":{"line":13,"column":29},"end":{"line":13,"column":30}},"loc":{"start":{"line":13,"column":54},"end":{"line":13,"column":60}},"line":13}},"branchMap":{"0":{"loc":{"start":{"line":15,"column":11},"end":{"line":15,"column":102}},"type":"cond-expr","locations":[{"start":{"line":15,"column":22},"end":{"line":15,"column":95}},{"start":{"line":15,"column":98},"end":{"line":15,"column":102}}],"line":15}},"s":{"0":1,"1":1,"2":0,"3":0,"4":0},"f":{"0":0,"1":0},"b":{"0":[0,0]},"_coverageSchema":"1a1c01bbd47fc00a2c39e90264f33305004495a9","hash":"a9142c763d24d1615163735aba688122cc20a923"}
,"C:\\Users\\SadrtdinovAI\\Desktop\\testing-homework-master\\src\\client\\components\\Form.tsx": {"path":"C:\\Users\\SadrtdinovAI\\Desktop\\testing-homework-master\\src\\client\\components\\Form.tsx","statementMap":{"0":{"start":{"line":5,"column":20},"end":{"line":5,"column":68}},"1":{"start":{"line":12,"column":4},"end":{"line":12,"column":78}},"2":{"start":{"line":15,"column":12},"end":{"line":15,"column":22}},"3":{"start":{"line":17,"column":41},"end":{"line":90,"column":1}},"4":{"start":{"line":18,"column":28},"end":{"line":18,"column":43}},"5":{"start":{"line":19,"column":38},"end":{"line":19,"column":53}},"6":{"start":{"line":20,"column":28},"end":{"line":20,"column":40}},"7":{"start":{"line":21,"column":30},"end":{"line":21,"column":42}},"8":{"start":{"line":22,"column":34},"end":{"line":22,"column":46}},"9":{"start":{"line":24,"column":24},"end":{"line":24,"column":44}},"10":{"start":{"line":25,"column":25},"end":{"line":25,"column":93}},"11":{"start":{"line":26,"column":27},"end":{"line":26,"column":50}},"12":{"start":{"line":28,"column":25},"end":{"line":30,"column":17}},"13":{"start":{"line":29,"column":8},"end":{"line":29,"column":32}},"14":{"start":{"line":32,"column":26},"end":{"line":34,"column":18}},"15":{"start":{"line":33,"column":8},"end":{"line":33,"column":33}},"16":{"start":{"line":36,"column":28},"end":{"line":38,"column":20}},"17":{"start":{"line":37,"column":8},"end":{"line":37,"column":35}},"18":{"start":{"line":40,"column":20},"end":{"line":51,"column":84}},"19":{"start":{"line":41,"column":8},"end":{"line":41,"column":27}},"20":{"start":{"line":43,"column":8},"end":{"line":50,"column":9}},"21":{"start":{"line":44,"column":12},"end":{"line":44,"column":26}},"22":{"start":{"line":45,"column":12},"end":{"line":49,"column":15}},"23":{"start":{"line":53,"column":4},"end":{"line":89,"column":6}}},"fnMap":{"0":{"name":"getControlClass","decl":{"start":{"line":11,"column":9},"end":{"line":11,"column":24}},"loc":{"start":{"line":11,"column":63},"end":{"line":13,"column":1}},"line":11},"1":{"name":"(anonymous_1)","decl":{"start":{"line":17,"column":41},"end":{"line":17,"column":42}},"loc":{"start":{"line":17,"column":59},"end":{"line":90,"column":1}},"line":17},"2":{"name":"(anonymous_2)","decl":{"start":{"line":28,"column":37},"end":{"line":28,"column":38}},"loc":{"start":{"line":28,"column":75},"end":{"line":30,"column":5}},"line":28},"3":{"name":"(anonymous_3)","decl":{"start":{"line":32,"column":38},"end":{"line":32,"column":39}},"loc":{"start":{"line":32,"column":76},"end":{"line":34,"column":5}},"line":32},"4":{"name":"(anonymous_4)","decl":{"start":{"line":36,"column":40},"end":{"line":36,"column":41}},"loc":{"start":{"line":36,"column":81},"end":{"line":38,"column":5}},"line":36},"5":{"name":"(anonymous_5)","decl":{"start":{"line":40,"column":32},"end":{"line":40,"column":33}},"loc":{"start":{"line":40,"column":38},"end":{"line":51,"column":5}},"line":40}},"branchMap":{"0":{"loc":{"start":{"line":12,"column":11},"end":{"line":12,"column":77}},"type":"cond-expr","locations":[{"start":{"line":12,"column":35},"end":{"line":12,"column":60}},{"start":{"line":12,"column":63},"end":{"line":12,"column":77}}],"line":12},"1":{"loc":{"start":{"line":12,"column":11},"end":{"line":12,"column":32}},"type":"binary-expr","locations":[{"start":{"line":12,"column":11},"end":{"line":12,"column":19}},{"start":{"line":12,"column":23},"end":{"line":12,"column":32}}],"line":12},"2":{"loc":{"start":{"line":25,"column":25},"end":{"line":25,"column":93}},"type":"cond-expr","locations":[{"start":{"line":25,"column":55},"end":{"line":25,"column":85}},{"start":{"line":25,"column":88},"end":{"line":25,"column":93}}],"line":25},"3":{"loc":{"start":{"line":43,"column":8},"end":{"line":50,"column":9}},"type":"if","locations":[{"start":{"line":43,"column":8},"end":{"line":50,"column":9}},{"start":{},"end":{}}],"line":43},"4":{"loc":{"start":{"line":43,"column":12},"end":{"line":43,"column":57}},"type":"binary-expr","locations":[{"start":{"line":43,"column":12},"end":{"line":43,"column":23}},{"start":{"line":43,"column":27},"end":{"line":43,"column":39}},{"start":{"line":43,"column":43},"end":{"line":43,"column":57}}],"line":43}},"s":{"0":1,"1":0,"2":1,"3":1,"4":0,"5":0,"6":0,"7":0,"8":0,"9":0,"10":0,"11":0,"12":0,"13":0,"14":0,"15":0,"16":0,"17":0,"18":0,"19":0,"20":0,"21":0,"22":0,"23":0},"f":{"0":0,"1":0,"2":0,"3":0,"4":0,"5":0},"b":{"0":[0,0],"1":[0,0],"2":[0,0],"3":[0,0],"4":[0,0,0]},"_coverageSchema":"1a1c01bbd47fc00a2c39e90264f33305004495a9","hash":"ed1e160012f8a1de04184dba81769142d122525d"}
,"C:\\Users\\SadrtdinovAI\\Desktop\\testing-homework-master\\src\\client\\components\\Image.tsx": {"path":"C:\\Users\\SadrtdinovAI\\Desktop\\testing-homework-master\\src\\client\\components\\Image.tsx","statementMap":{"0":{"start":{"line":8,"column":13},"end":{"line":8,"column":129}},"1":{"start":{"line":10,"column":12},"end":{"line":10,"column":23}},"2":{"start":{"line":12,"column":43},"end":{"line":14,"column":1}},"3":{"start":{"line":13,"column":4},"end":{"line":13,"column":65}}},"fnMap":{"0":{"name":"(anonymous_0)","decl":{"start":{"line":12,"column":43},"end":{"line":12,"column":44}},"loc":{"start":{"line":12,"column":62},"end":{"line":14,"column":1}},"line":12}},"branchMap":{},"s":{"0":1,"1":1,"2":1,"3":0},"f":{"0":0},"b":{},"_coverageSchema":"1a1c01bbd47fc00a2c39e90264f33305004495a9","hash":"a2d83bb9e1a9b9b3fad3eabfc96c7bce5a6908a2"}
,"C:\\Users\\SadrtdinovAI\\Desktop\\testing-homework-master\\src\\client\\components\\ProductDetails.tsx": {"path":"C:\\Users\\SadrtdinovAI\\Desktop\\testing-homework-master\\src\\client\\components\\ProductDetails.tsx","statementMap":{"0":{"start":{"line":9,"column":12},"end":{"line":9,"column":32}},"1":{"start":{"line":15,"column":61},"end":{"line":46,"column":1}},"2":{"start":{"line":16,"column":21},"end":{"line":16,"column":34}},"3":{"start":{"line":18,"column":20},"end":{"line":20,"column":27}},"4":{"start":{"line":19,"column":8},"end":{"line":19,"column":37}},"5":{"start":{"line":22,"column":25},"end":{"line":22,"column":73}},"6":{"start":{"line":24,"column":4},"end":{"line":45,"column":6}}},"fnMap":{"0":{"name":"(anonymous_0)","decl":{"start":{"line":15,"column":61},"end":{"line":15,"column":62}},"loc":{"start":{"line":15,"column":78},"end":{"line":46,"column":1}},"line":15},"1":{"name":"(anonymous_1)","decl":{"start":{"line":18,"column":32},"end":{"line":18,"column":33}},"loc":{"start":{"line":18,"column":38},"end":{"line":20,"column":5}},"line":18}},"branchMap":{"0":{"loc":{"start":{"line":22,"column":25},"end":{"line":22,"column":73}},"type":"cond-expr","locations":[{"start":{"line":22,"column":54},"end":{"line":22,"column":62}},{"start":{"line":22,"column":65},"end":{"line":22,"column":73}}],"line":22}},"s":{"0":1,"1":1,"2":0,"3":0,"4":0,"5":0,"6":0},"f":{"0":0,"1":0},"b":{"0":[0,0]},"_coverageSchema":"1a1c01bbd47fc00a2c39e90264f33305004495a9","hash":"76d34dcdb390b66e5dd0b2d4ce1ac06c0f271268"}
,"C:\\Users\\SadrtdinovAI\\Desktop\\testing-homework-master\\src\\client\\components\\ProductItem.tsx": {"path":"C:\\Users\\SadrtdinovAI\\Desktop\\testing-homework-master\\src\\client\\components\\ProductItem.tsx","statementMap":{"0":{"start":{"line":9,"column":12},"end":{"line":9,"column":29}},"1":{"start":{"line":15,"column":55},"end":{"line":29,"column":1}},"2":{"start":{"line":16,"column":4},"end":{"line":28,"column":6}}},"fnMap":{"0":{"name":"(anonymous_0)","decl":{"start":{"line":15,"column":55},"end":{"line":15,"column":56}},"loc":{"start":{"line":15,"column":72},"end":{"line":29,"column":1}},"line":15}},"branchMap":{},"s":{"0":1,"1":1,"2":0},"f":{"0":0},"b":{},"_coverageSchema":"1a1c01bbd47fc00a2c39e90264f33305004495a9","hash":"36327df626426371dc8a7bbb58ca98bf9e39efd7"}
,"C:\\Users\\SadrtdinovAI\\Desktop\\testing-homework-master\\src\\client\\pages\\Cart.tsx": {"path":"C:\\Users\\SadrtdinovAI\\Desktop\\testing-homework-master\\src\\client\\pages\\Cart.tsx","statementMap":{"0":{"start":{"line":11,"column":12},"end":{"line":11,"column":22}},"1":{"start":{"line":13,"column":30},"end":{"line":122,"column":1}},"2":{"start":{"line":14,"column":21},"end":{"line":14,"column":34}},"3":{"start":{"line":15,"column":17},"end":{"line":15,"column":61}},"4":{"start":{"line":15,"column":54},"end":{"line":15,"column":60}},"5":{"start":{"line":16,"column":26},"end":{"line":16,"column":79}},"6":{"start":{"line":16,"column":63},"end":{"line":16,"column":78}},"7":{"start":{"line":18,"column":20},"end":{"line":20,"column":18}},"8":{"start":{"line":19,"column":8},"end":{"line":19,"column":30}},"9":{"start":{"line":22,"column":21},"end":{"line":24,"column":24}},"10":{"start":{"line":23,"column":8},"end":{"line":23,"column":39}},"11":{"start":{"line":26,"column":35},"end":{"line":26,"column":39}},"12":{"start":{"line":28,"column":24},"end":{"line":28,"column":49}},"13":{"start":{"line":30,"column":4},"end":{"line":74,"column":5}},"14":{"start":{"line":31,"column":21},"end":{"line":42,"column":10}},"15":{"start":{"line":33,"column":12},"end":{"line":41,"column":14}},"16":{"start":{"line":44,"column":22},"end":{"line":44,"column":99}},"17":{"start":{"line":44,"column":76},"end":{"line":44,"column":95}},"18":{"start":{"line":46,"column":8},"end":{"line":67,"column":10}},"19":{"start":{"line":69,"column":8},"end":{"line":73,"column":10}},"20":{"start":{"line":76,"column":20},"end":{"line":82,"column":5}},"21":{"start":{"line":84,"column":17},"end":{"line":91,"column":5}},"22":{"start":{"line":93,"column":23},"end":{"line":93,"column":84}},"23":{"start":{"line":95,"column":22},"end":{"line":106,"column":12}},"24":{"start":{"line":108,"column":4},"end":{"line":121,"column":6}}},"fnMap":{"0":{"name":"(anonymous_0)","decl":{"start":{"line":13,"column":30},"end":{"line":13,"column":31}},"loc":{"start":{"line":13,"column":36},"end":{"line":122,"column":1}},"line":13},"1":{"name":"(anonymous_1)","decl":{"start":{"line":15,"column":29},"end":{"line":15,"column":30}},"loc":{"start":{"line":15,"column":54},"end":{"line":15,"column":60}},"line":15},"2":{"name":"(anonymous_2)","decl":{"start":{"line":16,"column":38},"end":{"line":16,"column":39}},"loc":{"start":{"line":16,"column":63},"end":{"line":16,"column":78}},"line":16},"3":{"name":"(anonymous_3)","decl":{"start":{"line":18,"column":32},"end":{"line":18,"column":33}},"loc":{"start":{"line":18,"column":38},"end":{"line":20,"column":5}},"line":18},"4":{"name":"(anonymous_4)","decl":{"start":{"line":22,"column":33},"end":{"line":22,"column":34}},"loc":{"start":{"line":22,"column":61},"end":{"line":24,"column":5}},"line":22},"5":{"name":"(anonymous_5)","decl":{"start":{"line":31,"column":46},"end":{"line":31,"column":47}},"loc":{"start":{"line":31,"column":69},"end":{"line":42,"column":9}},"line":31},"6":{"name":"(anonymous_6)","decl":{"start":{"line":44,"column":49},"end":{"line":44,"column":50}},"loc":{"start":{"line":44,"column":76},"end":{"line":44,"column":95}},"line":44}},"branchMap":{"0":{"loc":{"start":{"line":30,"column":4},"end":{"line":74,"column":5}},"type":"if","locations":[{"start":{"line":30,"column":4},"end":{"line":74,"column":5}},{"start":{"line":68,"column":11},"end":{"line":74,"column":5}}],"line":30},"1":{"loc":{"start":{"line":76,"column":20},"end":{"line":82,"column":5}},"type":"cond-expr","locations":[{"start":{"line":76,"column":34},"end":{"line":76,"column":38}},{"start":{"line":77,"column":8},"end":{"line":81,"column":14}}],"line":76},"2":{"loc":{"start":{"line":84,"column":17},"end":{"line":91,"column":5}},"type":"cond-expr","locations":[{"start":{"line":84,"column":31},"end":{"line":84,"column":35}},{"start":{"line":85,"column":8},"end":{"line":90,"column":14}}],"line":84},"3":{"loc":{"start":{"line":93,"column":23},"end":{"line":93,"column":84}},"type":"cond-expr","locations":[{"start":{"line":93,"column":52},"end":{"line":93,"column":67}},{"start":{"line":93,"column":70},"end":{"line":93,"column":84}}],"line":93},"4":{"loc":{"start":{"line":95,"column":22},"end":{"line":106,"column":12}},"type":"cond-expr","locations":[{"start":{"line":96,"column":8},"end":{"line":105,"column":14}},{"start":{"line":106,"column":8},"end":{"line":106,"column":12}}],"line":95},"5":{"loc":{"start":{"line":95,"column":22},"end":{"line":95,"column":50}},"type":"binary-expr","locations":[{"start":{"line":95,"column":22},"end":{"line":95,"column":33}},{"start":{"line":95,"column":37},"end":{"line":95,"column":50}}],"line":95}},"s":{"0":1,"1":1,"2":0,"3":0,"4":0,"5":0,"6":0,"7":0,"8":0,"9":0,"10":0,"11":0,"12":0,"13":0,"14":0,"15":0,"16":0,"17":0,"18":0,"19":0,"20":0,"21":0,"22":0,"23":0,"24":0},"f":{"0":0,"1":0,"2":0,"3":0,"4":0,"5":0,"6":0},"b":{"0":[0,0],"1":[0,0],"2":[0,0],"3":[0,0],"4":[0,0],"5":[0,0]},"_coverageSchema":"1a1c01bbd47fc00a2c39e90264f33305004495a9","hash":"457dd540046f106630bd44f35780424784e75ab7"}
,"C:\\Users\\SadrtdinovAI\\Desktop\\testing-homework-master\\src\\client\\pages\\Catalog.tsx": {"path":"C:\\Users\\SadrtdinovAI\\Desktop\\testing-homework-master\\src\\client\\pages\\Catalog.tsx","statementMap":{"0":{"start":{"line":9,"column":12},"end":{"line":9,"column":25}},"1":{"start":{"line":11,"column":33},"end":{"line":40,"column":1}},"2":{"start":{"line":12,"column":21},"end":{"line":12,"column":34}},"3":{"start":{"line":13,"column":21},"end":{"line":13,"column":69}},"4":{"start":{"line":13,"column":58},"end":{"line":13,"column":68}},"5":{"start":{"line":15,"column":4},"end":{"line":17,"column":11}},"6":{"start":{"line":16,"column":8},"end":{"line":16,"column":32}},"7":{"start":{"line":19,"column":35},"end":{"line":25,"column":17}},"8":{"start":{"line":21,"column":12},"end":{"line":23,"column":18}},"9":{"start":{"line":27,"column":4},"end":{"line":39,"column":6}}},"fnMap":{"0":{"name":"(anonymous_0)","decl":{"start":{"line":11,"column":33},"end":{"line":11,"column":34}},"loc":{"start":{"line":11,"column":39},"end":{"line":40,"column":1}},"line":11},"1":{"name":"(anonymous_1)","decl":{"start":{"line":13,"column":33},"end":{"line":13,"column":34}},"loc":{"start":{"line":13,"column":58},"end":{"line":13,"column":68}},"line":13},"2":{"name":"(anonymous_2)","decl":{"start":{"line":15,"column":14},"end":{"line":15,"column":15}},"loc":{"start":{"line":15,"column":20},"end":{"line":17,"column":5}},"line":15},"3":{"name":"(anonymous_3)","decl":{"start":{"line":20,"column":21},"end":{"line":20,"column":22}},"loc":{"start":{"line":21,"column":12},"end":{"line":23,"column":18}},"line":21}},"branchMap":{"0":{"loc":{"start":{"line":19,"column":35},"end":{"line":25,"column":17}},"type":"cond-expr","locations":[{"start":{"line":20,"column":8},"end":{"line":24,"column":10}},{"start":{"line":25,"column":8},"end":{"line":25,"column":17}}],"line":19}},"s":{"0":1,"1":1,"2":0,"3":0,"4":0,"5":0,"6":0,"7":0,"8":0,"9":0},"f":{"0":0,"1":0,"2":0,"3":0},"b":{"0":[0,0]},"_coverageSchema":"1a1c01bbd47fc00a2c39e90264f33305004495a9","hash":"c735fd1802f795be14f26345328e77e8a550d0d0"}
,"C:\\Users\\SadrtdinovAI\\Desktop\\testing-homework-master\\src\\client\\pages\\Contacts.tsx": {"path":"C:\\Users\\SadrtdinovAI\\Desktop\\testing-homework-master\\src\\client\\pages\\Contacts.tsx","statementMap":{"0":{"start":{"line":5,"column":12},"end":{"line":5,"column":26}},"1":{"start":{"line":7,"column":34},"end":{"line":31,"column":1}},"2":{"start":{"line":8,"column":4},"end":{"line":30,"column":6}}},"fnMap":{"0":{"name":"(anonymous_0)","decl":{"start":{"line":7,"column":34},"end":{"line":7,"column":35}},"loc":{"start":{"line":7,"column":40},"end":{"line":31,"column":1}},"line":7}},"branchMap":{},"s":{"0":1,"1":1,"2":0},"f":{"0":0},"b":{},"_coverageSchema":"1a1c01bbd47fc00a2c39e90264f33305004495a9","hash":"fc1b98e026d78af732a253045b3af4838cb4ba91"}
,"C:\\Users\\SadrtdinovAI\\Desktop\\testing-homework-master\\src\\client\\pages\\Delivery.tsx": {"path":"C:\\Users\\SadrtdinovAI\\Desktop\\testing-homework-master\\src\\client\\pages\\Delivery.tsx","statementMap":{"0":{"start":{"line":7,"column":12},"end":{"line":7,"column":26}},"1":{"start":{"line":9,"column":34},"end":{"line":41,"column":1}},"2":{"start":{"line":10,"column":4},"end":{"line":40,"column":6}}},"fnMap":{"0":{"name":"(anonymous_0)","decl":{"start":{"line":9,"column":34},"end":{"line":9,"column":35}},"loc":{"start":{"line":9,"column":40},"end":{"line":41,"column":1}},"line":9}},"branchMap":{},"s":{"0":1,"1":1,"2":0},"f":{"0":0},"b":{},"_coverageSchema":"1a1c01bbd47fc00a2c39e90264f33305004495a9","hash":"411644425461863118e55a76a75d12f36f9e4d7b"}
,"C:\\Users\\SadrtdinovAI\\Desktop\\testing-homework-master\\src\\client\\pages\\Home.tsx": {"path":"C:\\Users\\SadrtdinovAI\\Desktop\\testing-homework-master\\src\\client\\pages\\Home.tsx","statementMap":{"0":{"start":{"line":5,"column":12},"end":{"line":5,"column":22}},"1":{"start":{"line":7,"column":30},"end":{"line":57,"column":1}},"2":{"start":{"line":8,"column":4},"end":{"line":56,"column":6}}},"fnMap":{"0":{"name":"(anonymous_0)","decl":{"start":{"line":7,"column":30},"end":{"line":7,"column":31}},"loc":{"start":{"line":7,"column":36},"end":{"line":57,"column":1}},"line":7}},"branchMap":{},"s":{"0":1,"1":1,"2":1},"f":{"0":1},"b":{},"_coverageSchema":"1a1c01bbd47fc00a2c39e90264f33305004495a9","hash":"e707eebe080c3e527091d25d5c0dbc33f246d36f"}
,"C:\\Users\\SadrtdinovAI\\Desktop\\testing-homework-master\\src\\client\\pages\\Product.tsx": {"path":"C:\\Users\\SadrtdinovAI\\Desktop\\testing-homework-master\\src\\client\\pages\\Product.tsx","statementMap":{"0":{"start":{"line":14,"column":12},"end":{"line":14,"column":25}},"1":{"start":{"line":16,"column":33},"end":{"line":32,"column":1}},"2":{"start":{"line":17,"column":21},"end":{"line":17,"column":34}},"3":{"start":{"line":18,"column":19},"end":{"line":18,"column":50}},"4":{"start":{"line":19,"column":15},"end":{"line":19,"column":32}},"5":{"start":{"line":21,"column":4},"end":{"line":23,"column":11}},"6":{"start":{"line":22,"column":8},"end":{"line":22,"column":41}},"7":{"start":{"line":25,"column":20},"end":{"line":25,"column":71}},"8":{"start":{"line":25,"column":57},"end":{"line":25,"column":70}},"9":{"start":{"line":27,"column":37},"end":{"line":29,"column":17}},"10":{"start":{"line":31,"column":4},"end":{"line":31,"column":82}}},"fnMap":{"0":{"name":"(anonymous_0)","decl":{"start":{"line":16,"column":33},"end":{"line":16,"column":34}},"loc":{"start":{"line":16,"column":39},"end":{"line":32,"column":1}},"line":16},"1":{"name":"(anonymous_1)","decl":{"start":{"line":21,"column":14},"end":{"line":21,"column":15}},"loc":{"start":{"line":21,"column":20},"end":{"line":23,"column":5}},"line":21},"2":{"name":"(anonymous_2)","decl":{"start":{"line":25,"column":32},"end":{"line":25,"column":33}},"loc":{"start":{"line":25,"column":57},"end":{"line":25,"column":70}},"line":25}},"branchMap":{"0":{"loc":{"start":{"line":27,"column":37},"end":{"line":29,"column":17}},"type":"cond-expr","locations":[{"start":{"line":28,"column":8},"end":{"line":28,"column":43}},{"start":{"line":29,"column":8},"end":{"line":29,"column":17}}],"line":27}},"s":{"0":1,"1":1,"2":0,"3":0,"4":0,"5":0,"6":0,"7":0,"8":0,"9":0,"10":0},"f":{"0":0,"1":0,"2":0},"b":{"0":[0,0]},"_coverageSchema":"1a1c01bbd47fc00a2c39e90264f33305004495a9","hash":"57858b9604b76deca0bbf4cdd31988cc3c243c15"}
}
